<!DOCTYPE html PUBLIC "-//W3C//DTD XHTML 1.1//EN" "http://www.w3.org/TR/xhtml11/DTD/xhtml11.dtd">
<html xmlns="http://www.w3.org/1999/xhtml"><head><title>TestNG Report</title><style type="text/css">table {margin-bottom:10px;border-collapse:collapse;empty-cells:show}th,td {border:1px solid #009;padding:.25em .5em}th {vertical-align:bottom}td {vertical-align:top}table a {font-weight:bold}.stripe td {background-color: #E6EBF9}.num {text-align:right}.passedodd td {background-color: #3F3}.passedeven td {background-color: #0A0}.skippedodd td {background-color: #DDD}.skippedeven td {background-color: #CCC}.failedodd td,.attn {background-color: #F33}.failedeven td,.stripe .attn {background-color: #D00}.stacktrace {white-space:pre;font-family:monospace}.totop {font-size:85%;text-align:center;border-bottom:2px solid #000}</style></head><body><table><tr><th>Test</th><th># Passed</th><th># Skipped</th><th># Failed</th><th>Time (ms)</th><th>Included Groups</th><th>Excluded Groups</th></tr><tr><th colspan="7">Suite</th></tr><tr><td><a href="#t0">IOS10 TEST</a></td><td class="num">0</td><td class="num attn">1</td><td class="num">0</td><td class="num">77</td><td></td><td></td></tr><tr class="stripe"><td><a href="#t1">IOS9 TEST</a></td><td class="num">1</td><td class="num">0</td><td class="num">0</td><td class="num">73,586</td><td></td><td></td></tr><tr><td><a href="#t2">IOS11 TEST</a></td><td class="num">1</td><td class="num">0</td><td class="num">0</td><td class="num">103,957</td><td></td><td></td></tr><tr><th>Total</th><th class="num">2</th><th class="num attn">1</th><th class="num">0</th><th class="num">177,620</th><th colspan="2"></th></tr></table><table id='summary'><thead><tr><th>Class</th><th>Method</th><th>Start</th><th>Time (ms)</th></tr></thead><tbody><tr><th colspan="4">Suite</th></tr></tbody><tbody id="t0"><tr><th colspan="4">IOS10 TEST &#8212; failed (configuration methods)</th></tr><tr class="failedeven"><td rowspan="1">TestNG.xcuitest.SingleScriptXCUITest</td><td><a href="#m0">beforeClass</a></td><td rowspan="1">1507290318737</td><td rowspan="1">0</td></tr><tr><th colspan="4">IOS10 TEST &#8212; skipped (configuration methods)</th></tr><tr class="skippedeven"><td rowspan="1">TestNG.xcuitest.SingleScriptXCUITest</td><td><a href="#m1">afterClass</a></td><td rowspan="1">1507290318801</td><td rowspan="1">0</td></tr><tr><th colspan="4">IOS10 TEST &#8212; skipped</th></tr><tr class="skippedeven"><td rowspan="1">TestNG.xcuitest.SingleScriptXCUITest</td><td><a href="#m2">f</a></td><td rowspan="1">1507290318788</td><td rowspan="1">0</td></tr></tbody><tbody id="t1"><tr><th colspan="4">IOS9 TEST &#8212; passed</th></tr><tr class="passedeven"><td rowspan="1">TestNG.xcuitest.SingleScriptXCUITest</td><td><a href="#m3">f</a></td><td rowspan="1">1507290332470</td><td rowspan="1">45637</td></tr></tbody><tbody id="t2"><tr><th colspan="4">IOS11 TEST &#8212; passed</th></tr><tr class="passedeven"><td rowspan="1">TestNG.xcuitest.SingleScriptXCUITest</td><td><a href="#m4">f</a></td><td rowspan="1">1507290345347</td><td rowspan="1">49576</td></tr></tbody></table><h2>IOS10 TEST</h2><h3 id="m0">TestNG.xcuitest.SingleScriptXCUITest#beforeClass</h3><table class="result"><tr><th>Exception</th></tr><tr><td><div class="stacktrace">org.testng.TestNGException: 
Parameter &apos;deviceid&apos; is required by BeforeClass on method beforeClass but has not been marked @Optional or defined
in C:\Users\admin\workspace\IOSTest_XcUITest2\src\TestNG\testsuite.xml
	at java.util.concurrent.FutureTask.run(FutureTask.java:266)
	at java.util.concurrent.ThreadPoolExecutor.runWorker(ThreadPoolExecutor.java:1142)
	at java.util.concurrent.ThreadPoolExecutor$Worker.run(ThreadPoolExecutor.java:617)
	at java.lang.Thread.run(Thread.java:745)
... Removed 13 stack frames</div></td></tr></table><p class="totop"><a href="#summary">back to summary</a></p><h3 id="m1">TestNG.xcuitest.SingleScriptXCUITest#afterClass</h3><table class="result"></table><p class="totop"><a href="#summary">back to summary</a></p><h3 id="m2">TestNG.xcuitest.SingleScriptXCUITest#f</h3><table class="result"><tr><th>Exception</th></tr><tr><td><div class="stacktrace">org.testng.TestNGException: 
Parameter &apos;deviceid&apos; is required by BeforeClass on method beforeClass but has not been marked @Optional or defined
in C:\Users\admin\workspace\IOSTest_XcUITest2\src\TestNG\testsuite.xml
	at java.util.concurrent.FutureTask.run(FutureTask.java:266)
	at java.util.concurrent.ThreadPoolExecutor.runWorker(ThreadPoolExecutor.java:1142)
	at java.util.concurrent.ThreadPoolExecutor$Worker.run(ThreadPoolExecutor.java:617)
	at java.lang.Thread.run(Thread.java:745)
... Removed 13 stack frames</div></td></tr></table><p class="totop"><a href="#summary">back to summary</a></p><h2>IOS9 TEST</h2><h3 id="m3">TestNG.xcuitest.SingleScriptXCUITest#f</h3><table class="result"></table><p class="totop"><a href="#summary">back to summary</a></p><h2>IOS11 TEST</h2><h3 id="m4">TestNG.xcuitest.SingleScriptXCUITest#f</h3><table class="result"></table><p class="totop"><a href="#summary">back to summary</a></p></body></html>