<?xml version="1.0" encoding="UTF-8"?>
<!-- Generated by org.testng.reporters.JUnitXMLReporter -->
<testsuite hostname="DESKTOP-B7DDJ7I" ignored="0" name="IOS11 TEST" tests="1" failures="0" timestamp="06 Oct 2017 11:47:02 GMT" time="103.957" errors="0">
  <testcase name="@BeforeClass beforeClass" time="0.0" classname="TestNG.xcuitest.SingleScriptXCUITest">
    <failure type="org.testng.TestNGException" message="
Parameter &amp;apos;deviceid&amp;apos; is required by BeforeClass on method beforeClass but has not been marked @Optional or defined
in C:\Users\admin\workspace\IOSTest_XcUITest2\src\TestNG\testsuite.xml">
      <![CDATA[org.testng.TestNGException: 
Parameter 'deviceid' is required by BeforeClass on method beforeClass but has not been marked @Optional or defined
in C:\Users\admin\workspace\IOSTest_XcUITest2\src\TestNG\testsuite.xml
	at java.util.concurrent.FutureTask.run(FutureTask.java:266)
	at java.util.concurrent.ThreadPoolExecutor.runWorker(ThreadPoolExecutor.java:1142)
	at java.util.concurrent.ThreadPoolExecutor$Worker.run(ThreadPoolExecutor.java:617)
	at java.lang.Thread.run(Thread.java:745)
... Removed 13 stack frames]]>
    </failure>
  </testcase> <!-- @BeforeClass beforeClass -->
  <testcase name="@AfterClass afterClass" time="0.0" classname="TestNG.xcuitest.SingleScriptXCUITest">
    <skipped/>
  </testcase> <!-- @AfterClass afterClass -->
  <testcase name="f" time="49.576" classname="TestNG.xcuitest.SingleScriptXCUITest"/>
</testsuite> <!-- IOS11 TEST -->
