<?xml version="1.0" encoding="UTF-8"?>
<!-- Generated by org.testng.reporters.JUnitReportReporter -->
<testsuite skipped="1" hostname="DESKTOP-B7DDJ7I" name="TestNG.xcuitest.SingleScriptXCUITest" tests="4" failures="0" timestamp="06 Oct 2017 11:47:03 GMT" time="95.213" errors="1">
  <testcase name="f" time="0.000" classname="TestNG.xcuitest.SingleScriptXCUITest">
    <skipped/>
  </testcase> <!-- f -->
  <testcase name="f" time="45.637" classname="TestNG.xcuitest.SingleScriptXCUITest"/>
  <testcase name="beforeClass" time="0.000" classname="TestNG.xcuitest.SingleScriptXCUITest">
    <error type="org.testng.TestNGException" message="
Parameter &#039;deviceid&#039; is required by BeforeClass on method beforeClass but has not been marked @Optional or defined
in C:\Users\admin\workspace\IOSTest_XcUITest2\src\TestNG\testsuite.xml">
      <![CDATA[org.testng.TestNGException: 
Parameter 'deviceid' is required by BeforeClass on method beforeClass but has not been marked @Optional or defined
in C:\Users\admin\workspace\IOSTest_XcUITest2\src\TestNG\testsuite.xml
	at org.testng.internal.Parameters.createParameters(Parameters.java:199)
	at org.testng.internal.Parameters.createParameters(Parameters.java:443)
	at org.testng.internal.Parameters.createConfigurationParameters(Parameters.java:118)
	at org.testng.internal.Invoker.invokeConfigurations(Invoker.java:206)
	at org.testng.internal.Invoker.invokeConfigurations(Invoker.java:146)
	at org.testng.internal.TestMethodWorker.invokeBeforeClassMethods(TestMethodWorker.java:166)
	at org.testng.internal.TestMethodWorker.run(TestMethodWorker.java:105)
	at org.testng.TestRunner.privateRun(TestRunner.java:744)
	at org.testng.TestRunner.run(TestRunner.java:602)
	at org.testng.SuiteRunner.runTest(SuiteRunner.java:380)
	at org.testng.SuiteRunner.access$000(SuiteRunner.java:39)
	at org.testng.SuiteRunner$SuiteWorker.run(SuiteRunner.java:414)
	at org.testng.internal.thread.ThreadUtil$1.call(ThreadUtil.java:52)
	at java.util.concurrent.FutureTask.run(FutureTask.java:266)
	at java.util.concurrent.ThreadPoolExecutor.runWorker(ThreadPoolExecutor.java:1142)
	at java.util.concurrent.ThreadPoolExecutor$Worker.run(ThreadPoolExecutor.java:617)
	at java.lang.Thread.run(Thread.java:745)
]]>
    </error>
  </testcase> <!-- beforeClass -->
  <testcase name="f" time="49.576" classname="TestNG.xcuitest.SingleScriptXCUITest"/>
</testsuite> <!-- TestNG.xcuitest.SingleScriptXCUITest -->
